0 info it worked if it ends with ok
1 verbose cli [ 'node', '/usr/local/bin/npm', 'install', '-g', 'gulp' ]
2 info using npm@2.10.1
3 info using node@v0.12.4
4 verbose install initial load of /usr/local/lib/package.json
5 verbose readDependencies loading dependencies from /usr/local/lib/package.json
6 silly cache add args [ 'gulp', null ]
7 verbose cache add spec gulp
8 silly cache add parsed spec { raw: 'gulp',
8 silly cache add   scope: null,
8 silly cache add   name: 'gulp',
8 silly cache add   rawSpec: '',
8 silly cache add   spec: '*',
8 silly cache add   type: 'range' }
9 silly addNamed gulp@*
10 verbose addNamed "*" is a valid semver range for gulp
11 silly addNameRange { name: 'gulp', range: '*', hasData: false }
12 silly mapToRegistry name gulp
13 silly mapToRegistry using default registry
14 silly mapToRegistry registry https://registry.npmjs.org/
15 silly mapToRegistry uri https://registry.npmjs.org/gulp
16 verbose addNameRange registry:https://registry.npmjs.org/gulp not in flight; fetching
17 verbose request uri https://registry.npmjs.org/gulp
18 verbose request no auth needed
19 info attempt registry request try #1 at 12:14:13 AM
20 verbose request id 0451025164c4e1a8
21 verbose etag "BF2JK86JBYRVW9INOOP5EZ3LY"
22 http request GET https://registry.npmjs.org/gulp
23 http 304 https://registry.npmjs.org/gulp
24 silly get cb [ 304,
24 silly get   { date: 'Sat, 18 Jul 2015 07:14:12 GMT',
24 silly get     via: '1.1 varnish',
24 silly get     'cache-control': 'max-age=60',
24 silly get     etag: '"BF2JK86JBYRVW9INOOP5EZ3LY"',
24 silly get     age: '24',
24 silly get     connection: 'keep-alive',
24 silly get     'x-served-by': 'cache-lax1430-LAX',
24 silly get     'x-cache': 'HIT',
24 silly get     'x-cache-hits': '1',
24 silly get     'x-timer': 'S1437203652.688173,VS0,VE0',
24 silly get     vary: 'Accept' } ]
25 verbose etag https://registry.npmjs.org/gulp from cache
26 verbose get saving gulp to /Users/knbarve/.npm/registry.npmjs.org/gulp/.cache.json
27 silly addNameRange number 2 { name: 'gulp', range: '*', hasData: true }
28 silly addNameRange versions [ 'gulp',
28 silly addNameRange   [ '0.0.1',
28 silly addNameRange     '0.0.2',
28 silly addNameRange     '0.0.3',
28 silly addNameRange     '0.0.4',
28 silly addNameRange     '0.0.5',
28 silly addNameRange     '0.0.7',
28 silly addNameRange     '0.0.8',
28 silly addNameRange     '0.0.9',
28 silly addNameRange     '0.1.0',
28 silly addNameRange     '0.2.0',
28 silly addNameRange     '1.0.0',
28 silly addNameRange     '1.1.0',
28 silly addNameRange     '1.2.0',
28 silly addNameRange     '1.2.1',
28 silly addNameRange     '2.0.0',
28 silly addNameRange     '2.0.1',
28 silly addNameRange     '2.1.0',
28 silly addNameRange     '2.2.0',
28 silly addNameRange     '2.3.0',
28 silly addNameRange     '2.4.0',
28 silly addNameRange     '2.4.1',
28 silly addNameRange     '2.6.0',
28 silly addNameRange     '2.6.1',
28 silly addNameRange     '2.7.0',
28 silly addNameRange     '3.0.0',
28 silly addNameRange     '3.1.1',
28 silly addNameRange     '3.1.2',
28 silly addNameRange     '3.1.3',
28 silly addNameRange     '3.1.4',
28 silly addNameRange     '3.2.0',
28 silly addNameRange     '3.2.1',
28 silly addNameRange     '3.2.2',
28 silly addNameRange     '3.2.3',
28 silly addNameRange     '3.2.4',
28 silly addNameRange     '3.2.5',
28 silly addNameRange     '3.3.0',
28 silly addNameRange     '3.3.1',
28 silly addNameRange     '3.3.2',
28 silly addNameRange     '3.3.4',
28 silly addNameRange     '3.4.0',
28 silly addNameRange     '3.5.0',
28 silly addNameRange     '3.5.1',
28 silly addNameRange     '3.5.2',
28 silly addNameRange     '3.5.5',
28 silly addNameRange     '3.5.6',
28 silly addNameRange     '3.6.0',
28 silly addNameRange     '3.6.1',
28 silly addNameRange     '3.6.2',
28 silly addNameRange     '3.7.0',
28 silly addNameRange     '3.8.0',
28 silly addNameRange     '3.8.1',
28 silly addNameRange     '3.8.2',
28 silly addNameRange     '3.8.3',
28 silly addNameRange     '3.8.4',
28 silly addNameRange     '3.8.5',
28 silly addNameRange     '3.8.6',
28 silly addNameRange     '3.8.7',
28 silly addNameRange     '3.8.8',
28 silly addNameRange     '3.8.9',
28 silly addNameRange     '3.8.10',
28 silly addNameRange     '3.8.11',
28 silly addNameRange     '3.9.0' ] ]
29 silly addNamed gulp@3.9.0
30 verbose addNamed "3.9.0" is a plain semver version for gulp
31 silly mapToRegistry name gulp
32 silly mapToRegistry using default registry
33 silly mapToRegistry registry https://registry.npmjs.org/
34 silly mapToRegistry uri https://registry.npmjs.org/gulp
35 verbose addRemoteTarball https://registry.npmjs.org/gulp/-/gulp-3.9.0.tgz not in flight; adding
36 verbose addRemoteTarball [ 'https://registry.npmjs.org/gulp/-/gulp-3.9.0.tgz',
36 verbose addRemoteTarball   'cf1fba4cb558bb8c6ae6c9613f583ae2620d214a' ]
37 info retry fetch attempt 1 at 12:14:13 AM
38 info attempt registry request try #1 at 12:14:13 AM
39 http fetch GET https://registry.npmjs.org/gulp/-/gulp-3.9.0.tgz
40 http fetch 200 https://registry.npmjs.org/gulp/-/gulp-3.9.0.tgz
41 silly fetchAndShaCheck shasum cf1fba4cb558bb8c6ae6c9613f583ae2620d214a
42 verbose addTmpTarball /var/folders/g8/8lpyrl094r76465hvwgsb8683944jq/T/npm-2093-b4a1b53e/registry.npmjs.org/gulp/-/gulp-3.9.0.tgz not in flight; adding
43 verbose addTmpTarball already have metadata; skipping unpack for gulp@3.9.0
44 silly cache afterAdd gulp@3.9.0
45 verbose afterAdd /Users/knbarve/.npm/gulp/3.9.0/package/package.json not in flight; writing
46 verbose afterAdd /Users/knbarve/.npm/gulp/3.9.0/package/package.json written
47 silly install resolved [ { name: 'gulp',
47 silly install resolved     description: 'The streaming build system',
47 silly install resolved     version: '3.9.0',
47 silly install resolved     homepage: 'http://gulpjs.com',
47 silly install resolved     repository: { type: 'git', url: 'git+https://github.com/gulpjs/gulp.git' },
47 silly install resolved     author:
47 silly install resolved      { name: 'Fractal',
47 silly install resolved        email: 'contact@wearefractal.com',
47 silly install resolved        url: 'http://wearefractal.com/' },
47 silly install resolved     tags: [ 'build', 'stream', 'system', 'make', 'tool', 'asset', 'pipeline' ],
47 silly install resolved     files: [ 'index.js', 'lib', 'bin', 'completion' ],
47 silly install resolved     bin: { gulp: './bin/gulp.js' },
47 silly install resolved     man: [ 'gulp.1' ],
47 silly install resolved     dependencies:
47 silly install resolved      { archy: '^1.0.0',
47 silly install resolved        chalk: '^1.0.0',
47 silly install resolved        deprecated: '^0.0.1',
47 silly install resolved        'gulp-util': '^3.0.0',
47 silly install resolved        interpret: '^0.6.2',
47 silly install resolved        liftoff: '^2.1.0',
47 silly install resolved        minimist: '^1.1.0',
47 silly install resolved        orchestrator: '^0.3.0',
47 silly install resolved        'pretty-hrtime': '^1.0.0',
47 silly install resolved        semver: '^4.1.0',
47 silly install resolved        tildify: '^1.0.0',
47 silly install resolved        v8flags: '^2.0.2',
47 silly install resolved        'vinyl-fs': '^0.3.0' },
47 silly install resolved     devDependencies:
47 silly install resolved      { coveralls: '^2.7.0',
47 silly install resolved        'graceful-fs': '^3.0.0',
47 silly install resolved        istanbul: '^0.3.0',
47 silly install resolved        jscs: '~1.12.0',
47 silly install resolved        jshint: '^2.5.0',
47 silly install resolved        'jshint-stylish': '^1.0.0',
47 silly install resolved        'marked-man': '^0.1.3',
47 silly install resolved        mkdirp: '^0.5.0',
47 silly install resolved        mocha: '^2.0.1',
47 silly install resolved        'mocha-lcov-reporter': '^0.0.1',
47 silly install resolved        q: '^1.0.0',
47 silly install resolved        rimraf: '^2.2.5',
47 silly install resolved        should: '^5.0.1' },
47 silly install resolved     scripts:
47 silly install resolved      { prepublish: 'marked-man --name gulp docs/CLI.md > gulp.1',
47 silly install resolved        lint: 'jshint lib bin test index.js --reporter node_modules/jshint-stylish/stylish.js --exclude node_modules && jscs lib bin test index.js',
47 silly install resolved        test: 'npm run-script lint && mocha --reporter spec',
47 silly install resolved        coveralls: 'istanbul cover _mocha --report lcovonly -- -R spec && cat ./coverage/lcov.info | coveralls && rm -rf ./coverage' },
47 silly install resolved     engines: { node: '>= 0.9' },
47 silly install resolved     license: 'MIT',
47 silly install resolved     gitHead: '657213a52d5e9c19b85df6a42f76341a98c08ae8',
47 silly install resolved     bugs: { url: 'https://github.com/gulpjs/gulp/issues' },
47 silly install resolved     _id: 'gulp@3.9.0',
47 silly install resolved     _shasum: 'cf1fba4cb558bb8c6ae6c9613f583ae2620d214a',
47 silly install resolved     _from: 'gulp@*',
47 silly install resolved     _npmVersion: '2.8.3',
47 silly install resolved     _nodeVersion: '0.10.36',
47 silly install resolved     _npmUser: { name: 'phated', email: 'blaine@iceddev.com' },
47 silly install resolved     maintainers: [ [Object], [Object] ],
47 silly install resolved     dist:
47 silly install resolved      { shasum: 'cf1fba4cb558bb8c6ae6c9613f583ae2620d214a',
47 silly install resolved        tarball: 'http://registry.npmjs.org/gulp/-/gulp-3.9.0.tgz' },
47 silly install resolved     directories: {},
47 silly install resolved     _resolved: 'https://registry.npmjs.org/gulp/-/gulp-3.9.0.tgz' } ]
48 info install gulp@3.9.0 into /usr/local/lib
49 info installOne gulp@3.9.0
50 verbose installOne of gulp to /usr/local/lib not in flight; installing
51 verbose lock using /Users/knbarve/.npm/_locks/gulp-709d00e5d169ceb3.lock for /usr/local/lib/node_modules/gulp
52 silly install write writing gulp 3.9.0 to /usr/local/lib/node_modules/gulp
53 verbose unbuild lib/node_modules/gulp
54 silly gentlyRm /usr/local/lib/node_modules/gulp is being purged from base /usr/local
55 verbose gentlyRm don't care about contents; nuking /usr/local/lib/node_modules/gulp
56 verbose tar unpack /Users/knbarve/.npm/gulp/3.9.0/package.tgz
57 verbose tar unpacking to /usr/local/lib/node_modules/gulp
58 silly gentlyRm /usr/local/lib/node_modules/gulp is being purged
59 verbose gentlyRm don't care about contents; nuking /usr/local/lib/node_modules/gulp
60 silly gunzTarPerm modes [ '755', '644' ]
61 error tar.unpack untar error /Users/knbarve/.npm/gulp/3.9.0/package.tgz
62 verbose unlock done using /Users/knbarve/.npm/_locks/gulp-709d00e5d169ceb3.lock for /usr/local/lib/node_modules/gulp
63 verbose fstream_path /usr/local/lib/node_modules/gulp
64 verbose fstream_type Directory
65 verbose fstream_class DirWriter
66 verbose stack Error: EACCES, mkdir '/usr/local/lib/node_modules/gulp'
66 verbose stack     at Error (native)
67 verbose fstream_stack /usr/local/lib/node_modules/npm/node_modules/fstream/lib/dir-writer.js:35:25
67 verbose fstream_stack /usr/local/lib/node_modules/npm/node_modules/mkdirp/index.js:47:53
67 verbose fstream_stack FSReqWrap.oncomplete (fs.js:95:15)
68 verbose cwd /Users/knbarve/Desktop/MyFiles/LinkedInHackDay/public
69 error Darwin 14.4.0
70 error argv "node" "/usr/local/bin/npm" "install" "-g" "gulp"
71 error node v0.12.4
72 error npm  v2.10.1
73 error path /usr/local/lib/node_modules/gulp
74 error code EACCES
75 error errno -13
76 error Error: EACCES, mkdir '/usr/local/lib/node_modules/gulp'
76 error     at Error (native)
76 error  { [Error: EACCES, mkdir '/usr/local/lib/node_modules/gulp']
76 error   errno: -13,
76 error   code: 'EACCES',
76 error   path: '/usr/local/lib/node_modules/gulp',
76 error   fstream_type: 'Directory',
76 error   fstream_path: '/usr/local/lib/node_modules/gulp',
76 error   fstream_class: 'DirWriter',
76 error   fstream_stack:
76 error    [ '/usr/local/lib/node_modules/npm/node_modules/fstream/lib/dir-writer.js:35:25',
76 error      '/usr/local/lib/node_modules/npm/node_modules/mkdirp/index.js:47:53',
76 error      'FSReqWrap.oncomplete (fs.js:95:15)' ] }
77 error Please try running this command again as root/Administrator.
78 verbose exit [ -13, true ]
79 verbose unbuild lib/node_modules/gulp
80 silly gentlyRm /usr/local/lib/node_modules/gulp is being purged from base /usr/local
81 verbose gentlyRm don't care about contents; nuking /usr/local/lib/node_modules/gulp
